  Pacman.cpp
C:\Program Files (x86)\Microsoft Visual Studio\2019\Professional\VC\Tools\MSVC\14.20.27508\include\vector(1638): warning C4251: 'std::vector<S2D::Input::Keys,std::allocator<_Ty>>::_Mypair': class 'std::_Compressed_pair<std::allocator<_Ty>,std::_Vector_val<std::_Simple_types<_Ty>>,true>' needs to have dll-interface to be used by clients of class 'std::vector<S2D::Input::Keys,std::allocator<_Ty>>'
          with
          [
              _Ty=S2D::Input::Keys
          ]
  C:\Program Files (x86)\Microsoft Visual Studio\2019\Professional\VC\Tools\MSVC\14.20.27508\include\vector(1638): note: see declaration of 'std::_Compressed_pair<std::allocator<_Ty>,std::_Vector_val<std::_Simple_types<_Ty>>,true>'
          with
          [
              _Ty=S2D::Input::Keys
          ]
  C:\Users\b016871j\OneDrive - Staffordshire University\PacmanFramework(S2Dv1.5)(1)\Pacman\Pacman\S2D\Input.h(108): note: see reference to class template instantiation 'std::vector<S2D::Input::Keys,std::allocator<_Ty>>' being compiled
          with
          [
              _Ty=S2D::Input::Keys
          ]
C:\Users\b016871j\OneDrive - Staffordshire University\PacmanFramework(S2Dv1.5)(1)\Pacman\Pacman\Pacman.cpp(130): warning C4244: '=': conversion from 'int' to 'float', possible loss of data
C:\Users\b016871j\OneDrive - Staffordshire University\PacmanFramework(S2Dv1.5)(1)\Pacman\Pacman\Pacman.cpp(131): warning C4244: '=': conversion from 'int' to 'float', possible loss of data
C:\Users\b016871j\OneDrive - Staffordshire University\PacmanFramework(S2Dv1.5)(1)\Pacman\Pacman\Pacman.cpp(165): warning C4244: '=': conversion from 'int' to 'float', possible loss of data
C:\Users\b016871j\OneDrive - Staffordshire University\PacmanFramework(S2Dv1.5)(1)\Pacman\Pacman\Pacman.cpp(169): warning C4244: '=': conversion from 'int' to 'float', possible loss of data
C:\Users\b016871j\OneDrive - Staffordshire University\PacmanFramework(S2Dv1.5)(1)\Pacman\Pacman\Pacman.cpp(173): warning C4244: '=': conversion from 'int' to 'float', possible loss of data
C:\Users\b016871j\OneDrive - Staffordshire University\PacmanFramework(S2Dv1.5)(1)\Pacman\Pacman\Pacman.cpp(177): warning C4244: '=': conversion from 'int' to 'float', possible loss of data
  Pacman.vcxproj -> C:\Users\b016871j\OneDrive - Staffordshire University\PacmanFramework(S2Dv1.5)(1)\Pacman\Debug\Pacman.exe
